

================================================================
== Vitis HLS Report for 'cyt_rdma_tx_Pipeline_VITIS_LOOP_65_2'
================================================================
* Date:           Sat Dec 30 12:25:00 2023

* Version:        2022.2 (Build 3670227 on Oct 13 2022)
* Project:        dummy_cyt_rdma_stack
* Solution:       sol1 (Vivado IP Flow Target)
* Product family: virtexuplus
* Target device:  xcu280-fsvh2892-2L-e


================================================================
== Performance Estimates
================================================================
+ Timing: 
    * Summary: 
    +--------+---------+----------+------------+
    |  Clock |  Target | Estimated| Uncertainty|
    +--------+---------+----------+------------+
    |ap_clk  |  4.00 ns|  2.111 ns|     1.08 ns|
    +--------+---------+----------+------------+

+ Latency: 
    * Summary: 
    +---------+---------+----------+----------+-----+-----+---------+
    |  Latency (cycles) |  Latency (absolute) |  Interval | Pipeline|
    |   min   |   max   |    min   |    max   | min | max |   Type  |
    +---------+---------+----------+----------+-----+-----+---------+
    |        ?|        ?|         ?|         ?|    ?|    ?|       no|
    +---------+---------+----------+----------+-----+-----+---------+

    + Detail: 
        * Instance: 
        N/A

        * Loop: 
        +-------------------+---------+---------+----------+-----------+-----------+------+----------+
        |                   |  Latency (cycles) | Iteration|  Initiation Interval  | Trip |          |
        |     Loop Name     |   min   |   max   |  Latency |  achieved |   target  | Count| Pipelined|
        +-------------------+---------+---------+----------+-----------+-----------+------+----------+
        |- VITIS_LOOP_65_2  |        ?|        ?|         1|          1|          1|     ?|       yes|
        +-------------------+---------+---------+----------+-----------+-----------+------+----------+



================================================================
== Utilization Estimates
================================================================
* Summary: 
+---------------------+---------+------+---------+---------+-----+
|         Name        | BRAM_18K|  DSP |    FF   |   LUT   | URAM|
+---------------------+---------+------+---------+---------+-----+
|DSP                  |        -|     -|        -|        -|    -|
|Expression           |        -|     -|        0|       81|    -|
|FIFO                 |        -|     -|        -|        -|    -|
|Instance             |        -|     -|        -|        -|    -|
|Memory               |        -|     -|        -|        -|    -|
|Multiplexer          |        -|     -|        -|       45|    -|
|Register             |        -|     -|       34|        -|    -|
+---------------------+---------+------+---------+---------+-----+
|Total                |        0|     0|       34|      126|    0|
+---------------------+---------+------+---------+---------+-----+
|Available SLR        |     1344|  3008|   869120|   434560|  320|
+---------------------+---------+------+---------+---------+-----+
|Utilization SLR (%)  |        0|     0|       ~0|       ~0|    0|
+---------------------+---------+------+---------+---------+-----+
|Available            |     4032|  9024|  2607360|  1303680|  960|
+---------------------+---------+------+---------+---------+-----+
|Utilization (%)      |        0|     0|       ~0|       ~0|    0|
+---------------------+---------+------+---------+---------+-----+

+ Detail: 
    * Instance: 
    N/A

    * DSP: 
    N/A

    * Memory: 
    N/A

    * FIFO: 
    N/A

    * Expression: 
    +----------------------------------+----------+----+---+----+------------+------------+
    |           Variable Name          | Operation| DSP| FF| LUT| Bitwidth P0| Bitwidth P1|
    +----------------------------------+----------+----+---+----+------------+------------+
    |i_3_fu_175_p2                     |         +|   0|  0|  39|          32|           7|
    |ap_condition_155                  |       and|   0|  0|   2|           1|           1|
    |icmp_ln65_fu_192_p2               |      icmp|   0|  0|  14|          20|           1|
    |icmp_ln69_fu_162_p2               |      icmp|   0|  0|  20|          32|          12|
    |ap_block_state1_pp0_stage0_iter0  |        or|   0|  0|   2|           1|           1|
    |or_ln65_fu_198_p2                 |        or|   0|  0|   2|           1|           1|
    |tmp_last_V_1_fu_168_p2            |        or|   0|  0|   2|           1|           1|
    +----------------------------------+----------+----+---+----+------------+------------+
    |Total                             |          |   0|  0|  81|          88|          24|
    +----------------------------------+----------+----+---+----+------------+------------+

    * Multiplexer: 
    +-----------------------+----+-----------+-----+-----------+
    |          Name         | LUT| Input Size| Bits| Total Bits|
    +-----------------------+----+-----------+-----+-----------+
    |ap_done_int            |   9|          2|    1|          2|
    |ap_sig_allocacmp_i_2   |   9|          2|   32|         64|
    |i_fu_76                |   9|          2|   32|         64|
    |send_data_TDATA_blk_n  |   9|          2|    1|          2|
    |tx_TDATA_blk_n         |   9|          2|    1|          2|
    +-----------------------+----+-----------+-----+-----------+
    |Total                  |  45|         10|   67|        134|
    +-----------------------+----+-----------+-----+-----------+

    * Register: 
    +-------------+----+----+-----+-----------+
    |     Name    | FF | LUT| Bits| Const Bits|
    +-------------+----+----+-----+-----------+
    |ap_CS_fsm    |   1|   0|    1|          0|
    |ap_done_reg  |   1|   0|    1|          0|
    |i_fu_76      |  32|   0|   32|          0|
    +-------------+----+----+-----+-----------+
    |Total        |  34|   0|   34|          0|
    +-------------+----+----+-----+-----------+



================================================================
== Interface
================================================================
* Summary: 
+-----------------------+-----+-----+------------+--------------------------------------+--------------+
|       RTL Ports       | Dir | Bits|  Protocol  |             Source Object            |    C Type    |
+-----------------------+-----+-----+------------+--------------------------------------+--------------+
|ap_clk                 |   in|    1|  ap_ctrl_hs|  cyt_rdma_tx_Pipeline_VITIS_LOOP_65_2|  return value|
|ap_rst                 |   in|    1|  ap_ctrl_hs|  cyt_rdma_tx_Pipeline_VITIS_LOOP_65_2|  return value|
|ap_start               |   in|    1|  ap_ctrl_hs|  cyt_rdma_tx_Pipeline_VITIS_LOOP_65_2|  return value|
|ap_done                |  out|    1|  ap_ctrl_hs|  cyt_rdma_tx_Pipeline_VITIS_LOOP_65_2|  return value|
|ap_idle                |  out|    1|  ap_ctrl_hs|  cyt_rdma_tx_Pipeline_VITIS_LOOP_65_2|  return value|
|ap_ready               |  out|    1|  ap_ctrl_hs|  cyt_rdma_tx_Pipeline_VITIS_LOOP_65_2|  return value|
|send_data_TVALID       |   in|    1|        axis|                    send_data_V_data_V|       pointer|
|send_data_TDATA        |   in|  512|        axis|                    send_data_V_data_V|       pointer|
|tx_TREADY              |   in|    1|        axis|                           tx_V_data_V|       pointer|
|tx_TDATA               |  out|  512|        axis|                           tx_V_data_V|       pointer|
|send_data_TREADY       |  out|    1|        axis|                    send_data_V_dest_V|       pointer|
|send_data_TDEST        |   in|    8|        axis|                    send_data_V_dest_V|       pointer|
|send_data_TKEEP        |   in|   64|        axis|                    send_data_V_keep_V|       pointer|
|send_data_TSTRB        |   in|   64|        axis|                    send_data_V_strb_V|       pointer|
|send_data_TLAST        |   in|    1|        axis|                    send_data_V_last_V|       pointer|
|tx_word_dest_V         |   in|    8|     ap_none|                        tx_word_dest_V|        scalar|
|tx_TVALID              |  out|    1|        axis|                           tx_V_dest_V|       pointer|
|tx_TDEST               |  out|    8|        axis|                           tx_V_dest_V|       pointer|
|tx_TKEEP               |  out|   64|        axis|                           tx_V_keep_V|       pointer|
|tx_TSTRB               |  out|   64|        axis|                           tx_V_strb_V|       pointer|
|tx_TLAST               |  out|    1|        axis|                           tx_V_last_V|       pointer|
|tmp_strb_V_out         |  out|   64|      ap_vld|                        tmp_strb_V_out|       pointer|
|tmp_strb_V_out_ap_vld  |  out|    1|      ap_vld|                        tmp_strb_V_out|       pointer|
|i_1_out                |  out|   32|      ap_vld|                               i_1_out|       pointer|
|i_1_out_ap_vld         |  out|    1|      ap_vld|                               i_1_out|       pointer|
+-----------------------+-----+-----+------------+--------------------------------------+--------------+

