

================================================================
== Vitis HLS Report for 'tcp_session_handler'
================================================================
* Date:           Sat Dec 30 12:25:45 2023

* Version:        2022.2 (Build 3670227 on Oct 13 2022)
* Project:        tcp_session_handler
* Solution:       sol1 (Vivado IP Flow Target)
* Product family: virtexuplus
* Target device:  xcu280-fsvh2892-2L-e


================================================================
== Performance Estimates
================================================================
+ Timing: 
    * Summary: 
    +--------+---------+----------+------------+
    |  Clock |  Target | Estimated| Uncertainty|
    +--------+---------+----------+------------+
    |ap_clk  |  4.00 ns|  2.000 ns|     1.08 ns|
    +--------+---------+----------+------------+

+ Latency: 
    * Summary: 
    +---------+---------+----------+----------+-----+-----+---------+
    |  Latency (cycles) |  Latency (absolute) |  Interval | Pipeline|
    |   min   |   max   |    min   |    max   | min | max |   Type  |
    +---------+---------+----------+----------+-----+-----+---------+
    |        2|        2|  8.000 ns|  8.000 ns|    3|    3|       no|
    +---------+---------+----------+----------+-----+-----+---------+

    + Detail: 
        * Instance: 
        N/A

        * Loop: 
        N/A



================================================================
== Utilization Estimates
================================================================
* Summary: 
+---------------------+---------+------+---------+---------+-----+
|         Name        | BRAM_18K|  DSP |    FF   |   LUT   | URAM|
+---------------------+---------+------+---------+---------+-----+
|DSP                  |        -|     -|        -|        -|    -|
|Expression           |        -|     -|        0|       47|    -|
|FIFO                 |        -|     -|        -|        -|    -|
|Instance             |        0|     -|      196|      300|    0|
|Memory               |        -|     -|        -|        -|    -|
|Multiplexer          |        -|     -|        -|       94|    -|
|Register             |        -|     -|       54|        -|    -|
+---------------------+---------+------+---------+---------+-----+
|Total                |        0|     0|      250|      441|    0|
+---------------------+---------+------+---------+---------+-----+
|Available SLR        |     1344|  3008|   869120|   434560|  320|
+---------------------+---------+------+---------+---------+-----+
|Utilization SLR (%)  |        0|     0|       ~0|       ~0|    0|
+---------------------+---------+------+---------+---------+-----+
|Available            |     4032|  9024|  2607360|  1303680|  960|
+---------------------+---------+------+---------+---------+-----+
|Utilization (%)      |        0|     0|       ~0|       ~0|    0|
+---------------------+---------+------+---------+---------+-----+

+ Detail: 
    * Instance: 
    +-----------------+---------------+---------+----+-----+-----+-----+
    |     Instance    |     Module    | BRAM_18K| DSP|  FF | LUT | URAM|
    +-----------------+---------------+---------+----+-----+-----+-----+
    |control_s_axi_U  |control_s_axi  |        0|   0|  196|  300|    0|
    +-----------------+---------------+---------+----+-----+-----+-----+
    |Total            |               |        0|   0|  196|  300|    0|
    +-----------------+---------------+---------+----+-----+-----+-----+

    * DSP: 
    N/A

    * Memory: 
    N/A

    * FIFO: 
    N/A

    * Expression: 
    +--------------------------------+----------+----+---+----+------------+------------+
    |          Variable Name         | Operation| DSP| FF| LUT| Bitwidth P0| Bitwidth P1|
    +--------------------------------+----------+----+---+----+------------+------------+
    |ap_block_state3_io              |       and|   0|  0|   2|           1|           1|
    |ap_predicate_op78_write_state3  |       and|   0|  0|   2|           1|           1|
    |icmp_ln50_fu_268_p2             |      icmp|   0|  0|  11|           8|           1|
    |icmp_ln63_fu_328_p2             |      icmp|   0|  0|  11|           8|           1|
    |icmp_ln901_fu_275_p2            |      icmp|   0|  0|  11|           8|           1|
    |ap_block_state1                 |        or|   0|  0|   2|           1|           1|
    |ap_block_state1_io              |        or|   0|  0|   2|           1|           1|
    |ap_block_state2                 |        or|   0|  0|   2|           1|           1|
    |ap_block_state2_io              |        or|   0|  0|   2|           1|           1|
    |ap_block_state3                 |        or|   0|  0|   2|           1|           1|
    +--------------------------------+----------+----+---+----+------------+------------+
    |Total                           |          |   0|  0|  47|          31|          10|
    +--------------------------------+----------+----+---+----+------------+------------+

    * Multiplexer: 
    +------------------------------+----+-----------+-----+-----------+
    |             Name             | LUT| Input Size| Bits| Total Bits|
    +------------------------------+----+-----------+-----+-----------+
    |ap_NS_fsm                     |  26|          5|    1|          5|
    |close_connection_TDATA_blk_n  |   9|          2|    1|          2|
    |listen_port_TDATA_blk_n       |   9|          2|    1|          2|
    |open_connection_TDATA_blk_n   |   9|          2|    1|          2|
    |open_status_TDATA_blk_n       |   9|          2|    1|          2|
    |port_status_TDATA_blk_n       |   9|          2|    1|          2|
    |session_id_o                  |   9|          2|   32|         64|
    |success                       |  14|          3|    1|          3|
    +------------------------------+----+-----------+-----+-----------+
    |Total                         |  94|         20|   39|         82|
    +------------------------------+----+-----------+-----+-----------+

    * Register: 
    +--------------------+----+----+-----+-----------+
    |        Name        | FF | LUT| Bits| Const Bits|
    +--------------------+----+----+-----+-----------+
    |ap_CS_fsm           |   4|   0|    4|          0|
    |close_read_reg_335  |   1|   0|    1|          0|
    |icmp_ln901_reg_350  |   1|   0|    1|          0|
    |ip_read_reg_339     |  32|   0|   32|          0|
    |tmp_reg_344         |  16|   0|   16|          0|
    +--------------------+----+----+-----+-----------+
    |Total               |  54|   0|   54|          0|
    +--------------------+----+----+-----+-----------+



================================================================
== Interface
================================================================
* Summary: 
+-------------------------+-----+-----+------------+---------------------------+--------------+
|        RTL Ports        | Dir | Bits|  Protocol  |       Source Object       |    C Type    |
+-------------------------+-----+-----+------------+---------------------------+--------------+
|s_axi_control_AWVALID    |   in|    1|       s_axi|                    control|       pointer|
|s_axi_control_AWREADY    |  out|    1|       s_axi|                    control|       pointer|
|s_axi_control_AWADDR     |   in|    6|       s_axi|                    control|       pointer|
|s_axi_control_WVALID     |   in|    1|       s_axi|                    control|       pointer|
|s_axi_control_WREADY     |  out|    1|       s_axi|                    control|       pointer|
|s_axi_control_WDATA      |   in|   32|       s_axi|                    control|       pointer|
|s_axi_control_WSTRB      |   in|    4|       s_axi|                    control|       pointer|
|s_axi_control_ARVALID    |   in|    1|       s_axi|                    control|       pointer|
|s_axi_control_ARREADY    |  out|    1|       s_axi|                    control|       pointer|
|s_axi_control_ARADDR     |   in|    6|       s_axi|                    control|       pointer|
|s_axi_control_RVALID     |  out|    1|       s_axi|                    control|       pointer|
|s_axi_control_RREADY     |   in|    1|       s_axi|                    control|       pointer|
|s_axi_control_RDATA      |  out|   32|       s_axi|                    control|       pointer|
|s_axi_control_RRESP      |  out|    2|       s_axi|                    control|       pointer|
|s_axi_control_BVALID     |  out|    1|       s_axi|                    control|       pointer|
|s_axi_control_BREADY     |   in|    1|       s_axi|                    control|       pointer|
|s_axi_control_BRESP      |  out|    2|       s_axi|                    control|       pointer|
|ap_clk                   |   in|    1|  ap_ctrl_hs|        tcp_session_handler|  return value|
|ap_rst_n                 |   in|    1|  ap_ctrl_hs|        tcp_session_handler|  return value|
|ap_start                 |   in|    1|  ap_ctrl_hs|        tcp_session_handler|  return value|
|ap_done                  |  out|    1|  ap_ctrl_hs|        tcp_session_handler|  return value|
|ap_idle                  |  out|    1|  ap_ctrl_hs|        tcp_session_handler|  return value|
|ap_ready                 |  out|    1|  ap_ctrl_hs|        tcp_session_handler|  return value|
|listen_port_TDATA        |  out|   16|        axis|       listen_port_V_data_V|       pointer|
|listen_port_TVALID       |  out|    1|        axis|       listen_port_V_last_V|       pointer|
|listen_port_TREADY       |   in|    1|        axis|       listen_port_V_last_V|       pointer|
|listen_port_TLAST        |  out|    1|        axis|       listen_port_V_last_V|       pointer|
|listen_port_TKEEP        |  out|    2|        axis|       listen_port_V_keep_V|       pointer|
|listen_port_TSTRB        |  out|    2|        axis|       listen_port_V_strb_V|       pointer|
|port_status_TDATA        |   in|    8|        axis|       port_status_V_data_V|       pointer|
|port_status_TVALID       |   in|    1|        axis|       port_status_V_last_V|       pointer|
|port_status_TREADY       |  out|    1|        axis|       port_status_V_last_V|       pointer|
|port_status_TLAST        |   in|    1|        axis|       port_status_V_last_V|       pointer|
|port_status_TKEEP        |   in|    1|        axis|       port_status_V_keep_V|       pointer|
|port_status_TSTRB        |   in|    1|        axis|       port_status_V_strb_V|       pointer|
|open_connection_TDATA    |  out|   64|        axis|   open_connection_V_data_V|       pointer|
|open_connection_TVALID   |  out|    1|        axis|   open_connection_V_last_V|       pointer|
|open_connection_TREADY   |   in|    1|        axis|   open_connection_V_last_V|       pointer|
|open_connection_TLAST    |  out|    1|        axis|   open_connection_V_last_V|       pointer|
|open_connection_TKEEP    |  out|    8|        axis|   open_connection_V_keep_V|       pointer|
|open_connection_TSTRB    |  out|    8|        axis|   open_connection_V_strb_V|       pointer|
|close_connection_TDATA   |  out|   16|        axis|  close_connection_V_data_V|       pointer|
|close_connection_TVALID  |  out|    1|        axis|  close_connection_V_last_V|       pointer|
|close_connection_TREADY  |   in|    1|        axis|  close_connection_V_last_V|       pointer|
|close_connection_TLAST   |  out|    1|        axis|  close_connection_V_last_V|       pointer|
|close_connection_TKEEP   |  out|    2|        axis|  close_connection_V_keep_V|       pointer|
|close_connection_TSTRB   |  out|    2|        axis|  close_connection_V_strb_V|       pointer|
|open_status_TDATA        |   in|  128|        axis|       open_status_V_data_V|       pointer|
|open_status_TVALID       |   in|    1|        axis|       open_status_V_last_V|       pointer|
|open_status_TREADY       |  out|    1|        axis|       open_status_V_last_V|       pointer|
|open_status_TLAST        |   in|    1|        axis|       open_status_V_last_V|       pointer|
|open_status_TKEEP        |   in|   16|        axis|       open_status_V_keep_V|       pointer|
|open_status_TSTRB        |   in|   16|        axis|       open_status_V_strb_V|       pointer|
+-------------------------+-----+-----+------------+---------------------------+--------------+

